<?xml version="1.0" encoding="UTF-8"?>
<testsuite name="allthethings.JacksonTest" tests="1" skipped="0" failures="0" errors="0" timestamp="2017-06-29T13:32:22" hostname="/0:0:0:0:0:0:0:1%lo" time="0.204">
  <properties/>
  <testcase name="runTest" classname="allthethings.JacksonTest" time="0.204"/>
  <system-out><![CDATA[[ {
  "hasAttribute" : false,
  "hasThing" : false,
  "hasUser" : true,
  "thing" : null,
  "user" : {
    "class" : "allthethings.model.User",
    "userName" : "buttface",
    "id" : "AC849F"
  },
  "attribute" : null
}, {
  "hasAttribute" : true,
  "hasThing" : false,
  "hasUser" : false,
  "thing" : null,
  "user" : null,
  "attribute" : {
    "class" : "allthethings.model.DoublAttribute",
    "type" : 2,
    "collab" : false,
    "doublData" : 21005.99,
    "attName" : "moneys",
    "attOwner" : {
      "class" : "allthethings.model.User",
      "userName" : "failureMan",
      "id" : "1337"
    },
    "thingName" : "Big Car",
    "public" : true
  }
}, {
  "hasAttribute" : false,
  "hasThing" : true,
  "hasUser" : false,
  "thing" : {
    "class" : "allthethings.model.Thing",
    "name" : "Big Car",
    "strDat" : "",
    "owner" : {
      "class" : "allthethings.model.User",
      "userName" : "failureMan",
      "id" : "1337"
    },
    "shared" : false,
    "collab" : false,
    "public" : true,
    "sharedList" : [ ]
  },
  "user" : null,
  "attribute" : null
}, {
  "hasAttribute" : false,
  "hasThing" : true,
  "hasUser" : false,
  "thing" : {
    "class" : "allthethings.model.Thing",
    "name" : "kayaking",
    "strDat" : "",
    "owner" : {
      "class" : "allthethings.model.User",
      "userName" : "failureMan",
      "id" : "1337"
    },
    "shared" : true,
    "collab" : true,
    "public" : false,
    "sharedList" : [ {
      "class" : "allthethings.model.User",
      "userName" : "stinkyface",
      "id" : "ACT8"
    }, {
      "class" : "allthethings.model.User",
      "userName" : "facebookperson",
      "id" : "IBH84N"
    } ]
  },
  "user" : null,
  "attribute" : null
} ]
]]></system-out>
  <system-err><![CDATA[]]></system-err>
</testsuite>
